2022-06-26 14:55:06,059 DEBUG org.springframework.beans.factory.support.ConstructorResolver [main] Autowiring by type from bean name 'jacksonObjectMapper' via factory method to bean named 'jacksonObjectMapperBuilder'
2022-06-26 14:55:06,069 DEBUG org.springframework.beans.factory.support.ConstructorResolver [main] Autowiring by type from bean name 'mappingJackson2HttpMessageConverter' via factory method to bean named 'jacksonObjectMapper'
2022-06-26 14:55:06,074 DEBUG org.springframework.beans.factory.support.DefaultSingletonBeanRegistry [main] Creating shared instance of singleton bean 'applicationTaskExecutor'
2022-06-26 14:55:06,075 DEBUG org.springframework.beans.factory.support.ConstructorResolver [main] Autowiring by type from bean name 'applicationTaskExecutor' via factory method to bean named 'taskExecutorBuilder'
2022-06-26 14:55:06,078 DEBUG org.springframework.scheduling.concurrent.ExecutorConfigurationSupport [main] Initializing ExecutorService 'applicationTaskExecutor'
2022-06-26 14:55:06,086 DEBUG org.springframework.web.servlet.mvc.method.annotation.RequestMappingHandlerAdapter [main] ControllerAdvice beans: 0 @ModelAttribute, 0 @InitBinder, 1 RequestBodyAdvice, 1 ResponseBodyAdvice
2022-06-26 14:55:06,109 DEBUG org.springframework.beans.factory.support.DefaultSingletonBeanRegistry [main] Creating shared instance of singleton bean 'welcomePageHandlerMapping'
2022-06-26 14:55:06,110 DEBUG org.springframework.beans.factory.support.DefaultSingletonBeanRegistry [main] Creating shared instance of singleton bean 'mvcResourceUrlProvider'
2022-06-26 14:55:06,112 DEBUG org.springframework.beans.factory.support.ConstructorResolver [main] Autowiring by type from bean name 'welcomePageHandlerMapping' via factory method to bean named 'org.springframework.boot.web.servlet.context.AnnotationConfigServletWebServerApplicationContext@631e06ab'
2022-06-26 14:55:06,112 DEBUG org.springframework.beans.factory.support.ConstructorResolver [main] Autowiring by type from bean name 'welcomePageHandlerMapping' via factory method to bean named 'mvcConversionService'
2022-06-26 14:55:06,112 DEBUG org.springframework.beans.factory.support.ConstructorResolver [main] Autowiring by type from bean name 'welcomePageHandlerMapping' via factory method to bean named 'mvcResourceUrlProvider'
2022-06-26 14:55:06,126 DEBUG org.springframework.beans.factory.support.DefaultSingletonBeanRegistry [main] Creating shared instance of singleton bean 'localeResolver'
2022-06-26 14:55:06,127 DEBUG org.springframework.beans.factory.support.DefaultSingletonBeanRegistry [main] Creating shared instance of singleton bean 'themeResolver'
2022-06-26 14:55:06,127 DEBUG org.springframework.beans.factory.support.DefaultSingletonBeanRegistry [main] Creating shared instance of singleton bean 'flashMapManager'
2022-06-26 14:55:06,129 DEBUG org.springframework.beans.factory.support.DefaultSingletonBeanRegistry [main] Creating shared instance of singleton bean 'requestMappingHandlerMapping'
2022-06-26 14:55:06,130 DEBUG org.springframework.beans.factory.support.ConstructorResolver [main] Autowiring by type from bean name 'requestMappingHandlerMapping' via factory method to bean named 'mvcContentNegotiationManager'
2022-06-26 14:55:06,130 DEBUG org.springframework.beans.factory.support.ConstructorResolver [main] Autowiring by type from bean name 'requestMappingHandlerMapping' via factory method to bean named 'mvcConversionService'
2022-06-26 14:55:06,130 DEBUG org.springframework.beans.factory.support.ConstructorResolver [main] Autowiring by type from bean name 'requestMappingHandlerMapping' via factory method to bean named 'mvcResourceUrlProvider'
2022-06-26 14:55:06,145 DEBUG org.springframework.web.servlet.handler.AbstractHandlerMethodMapping [main] 
	c.g.d.c.a.DemoController:
	{GET [/]}: getToday(Dateutils)
	{GET [/say]}: getSay()
2022-06-26 14:55:06,149 DEBUG org.springframework.web.servlet.handler.AbstractHandlerMethodMapping [main] 
	c.g.d.c.a.ProductController:
	{GET [/saytest/{id}]}: say1(long)
	{POST [/saytest]}: say2(ProductRequest,BindingResult)
	{PUT [/saytest/{id}]}: say2(ProductModel,long)
	{GET [/saytest]}: say()
	{DELETE [/saytest/{id}]}: say3(long)
2022-06-26 14:55:06,152 DEBUG org.springframework.web.servlet.handler.AbstractHandlerMethodMapping [main] 
	o.s.b.a.w.s.e.BasicErrorController:
	{ [/error]}: error(HttpServletRequest)
	{ [/error], produces [text/html]}: errorHtml(HttpServletRequest,HttpServletResponse)
2022-06-26 14:55:06,153 DEBUG org.springframework.web.servlet.handler.AbstractHandlerMethodMapping [main] 9 mappings in 'requestMappingHandlerMapping'
2022-06-26 14:55:06,153 DEBUG org.springframework.beans.factory.support.DefaultSingletonBeanRegistry [main] Creating shared instance of singleton bean 'mvcPatternParser'
2022-06-26 14:55:06,153 DEBUG org.springframework.beans.factory.support.DefaultSingletonBeanRegistry [main] Creating shared instance of singleton bean 'mvcUrlPathHelper'
2022-06-26 14:55:06,154 DEBUG org.springframework.beans.factory.support.DefaultSingletonBeanRegistry [main] Creating shared instance of singleton bean 'mvcPathMatcher'
2022-06-26 14:55:06,154 DEBUG org.springframework.beans.factory.support.DefaultSingletonBeanRegistry [main] Creating shared instance of singleton bean 'viewControllerHandlerMapping'
2022-06-26 14:55:06,154 DEBUG org.springframework.beans.factory.support.ConstructorResolver [main] Autowiring by type from bean name 'viewControllerHandlerMapping' via factory method to bean named 'mvcConversionService'
2022-06-26 14:55:06,154 DEBUG org.springframework.beans.factory.support.ConstructorResolver [main] Autowiring by type from bean name 'viewControllerHandlerMapping' via factory method to bean named 'mvcResourceUrlProvider'
2022-06-26 14:55:06,155 DEBUG org.springframework.beans.factory.support.DefaultSingletonBeanRegistry [main] Creating shared instance of singleton bean 'beanNameHandlerMapping'
2022-06-26 14:55:06,155 DEBUG org.springframework.beans.factory.support.ConstructorResolver [main] Autowiring by type from bean name 'beanNameHandlerMapping' via factory method to bean named 'mvcConversionService'
2022-06-26 14:55:06,155 DEBUG org.springframework.beans.factory.support.ConstructorResolver [main] Autowiring by type from bean name 'beanNameHandlerMapping' via factory method to bean named 'mvcResourceUrlProvider'
2022-06-26 14:55:06,156 DEBUG org.springframework.web.servlet.handler.AbstractDetectingUrlHandlerMapping [main] 'beanNameHandlerMapping' {}
2022-06-26 14:55:06,156 DEBUG org.springframework.beans.factory.support.DefaultSingletonBeanRegistry [main] Creating shared instance of singleton bean 'routerFunctionMapping'
2022-06-26 14:55:06,156 DEBUG org.springframework.beans.factory.support.ConstructorResolver [main] Autowiring by type from bean name 'routerFunctionMapping' via factory method to bean named 'mvcConversionService'
2022-06-26 14:55:06,156 DEBUG org.springframework.beans.factory.support.ConstructorResolver [main] Autowiring by type from bean name 'routerFunctionMapping' via factory method to bean named 'mvcResourceUrlProvider'
2022-06-26 14:55:06,158 DEBUG org.springframework.beans.factory.support.DefaultSingletonBeanRegistry [main] Creating shared instance of singleton bean 'resourceHandlerMapping'
2022-06-26 14:55:06,159 DEBUG org.springframework.beans.factory.support.ConstructorResolver [main] Autowiring by type from bean name 'resourceHandlerMapping' via factory method to bean named 'mvcContentNegotiationManager'
2022-06-26 14:55:06,159 DEBUG org.springframework.beans.factory.support.ConstructorResolver [main] Autowiring by type from bean name 'resourceHandlerMapping' via factory method to bean named 'mvcConversionService'
2022-06-26 14:55:06,159 DEBUG org.springframework.beans.factory.support.ConstructorResolver [main] Autowiring by type from bean name 'resourceHandlerMapping' via factory method to bean named 'mvcResourceUrlProvider'
2022-06-26 14:55:06,166 DEBUG org.springframework.web.servlet.handler.SimpleUrlHandlerMapping [main] 'resourceHandlerMapping' {/webjars/**=ResourceHttpRequestHandler [classpath [META-INF/resources/webjars/]], /**=ResourceHttpRequestHandler [classpath [META-INF/resources/], classpath [resources/], classpath [static/], classpath [public/], ServletContext [/]]}
2022-06-26 14:55:06,166 DEBUG org.springframework.beans.factory.support.DefaultSingletonBeanRegistry [main] Creating shared instance of singleton bean 'defaultServletHandlerMapping'
2022-06-26 14:55:06,167 DEBUG org.springframework.beans.factory.support.DefaultSingletonBeanRegistry [main] Creating shared instance of singleton bean 'handlerFunctionAdapter'
2022-06-26 14:55:06,167 DEBUG org.springframework.beans.factory.support.DefaultSingletonBeanRegistry [main] Creating shared instance of singleton bean 'mvcUriComponentsContributor'
2022-06-26 14:55:06,168 DEBUG org.springframework.beans.factory.support.ConstructorResolver [main] Autowiring by type from bean name 'mvcUriComponentsContributor' via factory method to bean named 'mvcConversionService'
2022-06-26 14:55:06,168 DEBUG org.springframework.beans.factory.support.ConstructorResolver [main] Autowiring by type from bean name 'mvcUriComponentsContributor' via factory method to bean named 'requestMappingHandlerAdapter'
2022-06-26 14:55:06,169 DEBUG org.springframework.beans.factory.support.DefaultSingletonBeanRegistry [main] Creating shared instance of singleton bean 'httpRequestHandlerAdapter'
2022-06-26 14:55:06,170 DEBUG org.springframework.beans.factory.support.DefaultSingletonBeanRegistry [main] Creating shared instance of singleton bean 'simpleControllerHandlerAdapter'
2022-06-26 14:55:06,170 DEBUG org.springframework.beans.factory.support.DefaultSingletonBeanRegistry [main] Creating shared instance of singleton bean 'handlerExceptionResolver'
2022-06-26 14:55:06,170 DEBUG org.springframework.beans.factory.support.ConstructorResolver [main] Autowiring by type from bean name 'handlerExceptionResolver' via factory method to bean named 'mvcContentNegotiationManager'
2022-06-26 14:55:06,173 DEBUG org.springframework.web.servlet.mvc.method.annotation.ExceptionHandlerExceptionResolver [main] ControllerAdvice beans: 1 @ExceptionHandler, 1 ResponseBodyAdvice
2022-06-26 14:55:06,175 DEBUG org.springframework.beans.factory.support.DefaultSingletonBeanRegistry [main] Creating shared instance of singleton bean 'mvcViewResolver'
2022-06-26 14:55:06,175 DEBUG org.springframework.beans.factory.support.ConstructorResolver [main] Autowiring by type from bean name 'mvcViewResolver' via factory method to bean named 'mvcContentNegotiationManager'
2022-06-26 14:55:06,176 DEBUG org.springframework.beans.factory.support.DefaultSingletonBeanRegistry [main] Creating shared instance of singleton bean 'viewNameTranslator'
2022-06-26 14:55:06,177 DEBUG org.springframework.beans.factory.support.DefaultSingletonBeanRegistry [main] Creating shared instance of singleton bean 'defaultViewResolver'
2022-06-26 14:55:06,181 DEBUG org.springframework.beans.factory.support.DefaultSingletonBeanRegistry [main] Creating shared instance of singleton bean 'viewResolver'
2022-06-26 14:55:06,181 DEBUG org.springframework.beans.factory.support.ConstructorResolver [main] Autowiring by type from bean name 'viewResolver' via factory method to bean named 'org.springframework.beans.factory.support.DefaultListableBeanFactory@251f7d26'
2022-06-26 14:55:06,182 DEBUG org.springframework.beans.factory.support.DefaultSingletonBeanRegistry [main] Creating shared instance of singleton bean 'viewResolver'
2022-06-26 14:55:06,182 DEBUG org.springframework.beans.factory.support.DefaultSingletonBeanRegistry [main] Creating shared instance of singleton bean 'org.springframework.boot.autoconfigure.jmx.JmxAutoConfiguration'
2022-06-26 14:55:06,183 DEBUG org.springframework.beans.factory.support.DefaultSingletonBeanRegistry [main] Creating shared instance of singleton bean 'spring.jmx-org.springframework.boot.autoconfigure.jmx.JmxProperties'
2022-06-26 14:55:06,184 DEBUG org.springframework.beans.factory.support.ConstructorResolver [main] Autowiring by type from bean name 'org.springframework.boot.autoconfigure.jmx.JmxAutoConfiguration' via constructor to bean named 'spring.jmx-org.springframework.boot.autoconfigure.jmx.JmxProperties'
2022-06-26 14:55:06,184 DEBUG org.springframework.beans.factory.support.DefaultSingletonBeanRegistry [main] Creating shared instance of singleton bean 'mbeanExporter'
2022-06-26 14:55:06,184 DEBUG org.springframework.beans.factory.support.DefaultSingletonBeanRegistry [main] Creating shared instance of singleton bean 'objectNamingStrategy'
2022-06-26 14:55:06,186 DEBUG org.springframework.beans.factory.support.ConstructorResolver [main] Autowiring by type from bean name 'mbeanExporter' via factory method to bean named 'objectNamingStrategy'
2022-06-26 14:55:06,186 DEBUG org.springframework.beans.factory.support.ConstructorResolver [main] Autowiring by type from bean name 'mbeanExporter' via factory method to bean named 'org.springframework.beans.factory.support.DefaultListableBeanFactory@251f7d26'
