2022-06-26 14:55:05,731 DEBUG org.springframework.beans.factory.support.DefaultSingletonBeanRegistry [main] Creating shared instance of singleton bean 'org.springframework.boot.autoconfigure.web.servlet.error.ErrorMvcAutoConfiguration'
2022-06-26 14:55:05,733 DEBUG org.springframework.beans.factory.support.ConstructorResolver [main] Autowiring by type from bean name 'org.springframework.boot.autoconfigure.web.servlet.error.ErrorMvcAutoConfiguration' via constructor to bean named 'server-org.springframework.boot.autoconfigure.web.ServerProperties'
2022-06-26 14:55:05,733 DEBUG org.springframework.beans.factory.support.DefaultSingletonBeanRegistry [main] Creating shared instance of singleton bean 'dispatcherServletRegistration'
2022-06-26 14:55:05,734 DEBUG org.springframework.beans.factory.support.DefaultSingletonBeanRegistry [main] Creating shared instance of singleton bean 'org.springframework.boot.autoconfigure.web.servlet.DispatcherServletAutoConfiguration$DispatcherServletRegistrationConfiguration'
2022-06-26 14:55:05,734 DEBUG org.springframework.beans.factory.support.DefaultSingletonBeanRegistry [main] Creating shared instance of singleton bean 'dispatcherServlet'
2022-06-26 14:55:05,735 DEBUG org.springframework.beans.factory.support.DefaultSingletonBeanRegistry [main] Creating shared instance of singleton bean 'org.springframework.boot.autoconfigure.web.servlet.DispatcherServletAutoConfiguration$DispatcherServletConfiguration'
2022-06-26 14:55:05,735 DEBUG org.springframework.beans.factory.support.DefaultSingletonBeanRegistry [main] Creating shared instance of singleton bean 'spring.mvc-org.springframework.boot.autoconfigure.web.servlet.WebMvcProperties'
2022-06-26 14:55:05,738 DEBUG org.springframework.beans.factory.support.ConstructorResolver [main] Autowiring by type from bean name 'dispatcherServlet' via factory method to bean named 'spring.mvc-org.springframework.boot.autoconfigure.web.servlet.WebMvcProperties'
2022-06-26 14:55:05,747 DEBUG org.springframework.beans.factory.support.ConstructorResolver [main] Autowiring by type from bean name 'dispatcherServletRegistration' via factory method to bean named 'dispatcherServlet'
2022-06-26 14:55:05,748 DEBUG org.springframework.beans.factory.support.ConstructorResolver [main] Autowiring by type from bean name 'dispatcherServletRegistration' via factory method to bean named 'spring.mvc-org.springframework.boot.autoconfigure.web.servlet.WebMvcProperties'
2022-06-26 14:55:05,749 DEBUG org.springframework.beans.factory.support.DefaultSingletonBeanRegistry [main] Creating shared instance of singleton bean 'multipartConfigElement'
2022-06-26 14:55:05,749 DEBUG org.springframework.beans.factory.support.DefaultSingletonBeanRegistry [main] Creating shared instance of singleton bean 'org.springframework.boot.autoconfigure.web.servlet.MultipartAutoConfiguration'
2022-06-26 14:55:05,750 DEBUG org.springframework.beans.factory.support.DefaultSingletonBeanRegistry [main] Creating shared instance of singleton bean 'spring.servlet.multipart-org.springframework.boot.autoconfigure.web.servlet.MultipartProperties'
2022-06-26 14:55:05,754 DEBUG org.springframework.beans.factory.support.ConstructorResolver [main] Autowiring by type from bean name 'org.springframework.boot.autoconfigure.web.servlet.MultipartAutoConfiguration' via constructor to bean named 'spring.servlet.multipart-org.springframework.boot.autoconfigure.web.servlet.MultipartProperties'
2022-06-26 14:55:05,757 DEBUG org.springframework.beans.factory.support.ConstructorResolver [main] Autowiring by type from bean name 'errorPageCustomizer' via factory method to bean named 'dispatcherServletRegistration'
2022-06-26 14:55:05,816 DEBUG org.springframework.boot.web.servlet.server.DocumentRoot [main] Code archive: C:\Users\KONG\.m2\repository\org\springframework\boot\spring-boot\2.7.0\spring-boot-2.7.0.jar
2022-06-26 14:55:05,817 DEBUG org.springframework.boot.web.servlet.server.DocumentRoot [main] Code archive: C:\Users\KONG\.m2\repository\org\springframework\boot\spring-boot\2.7.0\spring-boot-2.7.0.jar
2022-06-26 14:55:05,817 DEBUG org.springframework.boot.web.servlet.server.DocumentRoot [main] None of the document roots [src/main/webapp, public, static] point to a directory and will be ignored.
2022-06-26 14:55:05,835 INFO org.springframework.boot.web.embedded.tomcat.TomcatWebServer [main] Tomcat initialized with port(s): 8081 (http)
2022-06-26 14:55:05,843 INFO org.apache.juli.logging.DirectJDKLog [main] Initializing ProtocolHandler ["http-nio-8081"]
2022-06-26 14:55:05,844 INFO org.apache.juli.logging.DirectJDKLog [main] Starting service [Tomcat]
2022-06-26 14:55:05,844 INFO org.apache.juli.logging.DirectJDKLog [main] Starting Servlet engine: [Apache Tomcat/9.0.63]
2022-06-26 14:55:05,915 INFO org.apache.juli.logging.DirectJDKLog [main] Initializing Spring embedded WebApplicationContext
2022-06-26 14:55:05,916 DEBUG org.springframework.boot.web.servlet.context.ServletWebServerApplicationContext [main] Published root WebApplicationContext as ServletContext attribute with name [org.springframework.web.context.WebApplicationContext.ROOT]
2022-06-26 14:55:05,916 INFO org.springframework.boot.web.servlet.context.ServletWebServerApplicationContext [main] Root WebApplicationContext: initialization completed in 773 ms
2022-06-26 14:55:05,918 DEBUG org.springframework.beans.factory.support.DefaultSingletonBeanRegistry [main] Creating shared instance of singleton bean 'requestContextFilter'
2022-06-26 14:55:05,920 DEBUG org.springframework.beans.factory.support.DefaultSingletonBeanRegistry [main] Creating shared instance of singleton bean 'formContentFilter'
2022-06-26 14:55:05,920 DEBUG org.springframework.beans.factory.support.DefaultSingletonBeanRegistry [main] Creating shared instance of singleton bean 'org.springframework.boot.autoconfigure.web.servlet.WebMvcAutoConfiguration'
2022-06-26 14:55:05,923 DEBUG org.springframework.beans.factory.support.DefaultSingletonBeanRegistry [main] Creating shared instance of singleton bean 'characterEncodingFilter'
2022-06-26 14:55:05,928 DEBUG org.springframework.boot.web.servlet.ServletContextInitializerBeans [main] Mapping filters: characterEncodingFilter urls=[/*] order=-2147483648, formContentFilter urls=[/*] order=-9900, requestContextFilter urls=[/*] order=-105
2022-06-26 14:55:05,928 DEBUG org.springframework.boot.web.servlet.ServletContextInitializerBeans [main] Mapping servlets: dispatcherServlet urls=[/]
2022-06-26 14:55:05,946 DEBUG org.springframework.web.filter.GenericFilterBean [main] Filter 'requestContextFilter' configured for use
2022-06-26 14:55:05,946 DEBUG org.springframework.web.filter.GenericFilterBean [main] Filter 'characterEncodingFilter' configured for use
2022-06-26 14:55:05,946 DEBUG org.springframework.web.filter.GenericFilterBean [main] Filter 'formContentFilter' configured for use
2022-06-26 14:55:05,952 DEBUG org.springframework.beans.factory.support.DefaultSingletonBeanRegistry [main] Creating shared instance of singleton bean 'demoApplication'
2022-06-26 14:55:05,953 DEBUG org.springframework.beans.factory.support.DefaultSingletonBeanRegistry [main] Creating shared instance of singleton bean 'corsConfig'
2022-06-26 14:55:05,954 DEBUG org.springframework.beans.factory.support.DefaultSingletonBeanRegistry [main] Creating shared instance of singleton bean 'demoController'
2022-06-26 14:55:05,955 DEBUG org.springframework.beans.factory.support.DefaultSingletonBeanRegistry [main] Creating shared instance of singleton bean 'productController'
2022-06-26 14:55:05,961 DEBUG org.springframework.beans.factory.support.DefaultSingletonBeanRegistry [main] Creating shared instance of singleton bean 'storageServiceImpl'
2022-06-26 14:55:05,964 DEBUG org.springframework.core.env.PropertySourcesPropertyResolver [main] Found key 'app.upload.path' in PropertySource 'environmentProperties' with value of type String
2022-06-26 14:55:05,966 DEBUG org.springframework.beans.factory.support.ConstructorResolver [main] Autowiring by type from bean name 'productController' via constructor to bean named 'storageServiceImpl'
2022-06-26 14:55:05,966 DEBUG org.springframework.beans.factory.support.DefaultSingletonBeanRegistry [main] Creating shared instance of singleton bean 'SayServiceImpl_test'
2022-06-26 14:55:05,966 DEBUG org.springframework.beans.factory.support.DefaultSingletonBeanRegistry [main] Creating shared instance of singleton bean 'sayServiceImpl1'
2022-06-26 14:55:05,966 DEBUG org.springframework.beans.factory.support.DefaultSingletonBeanRegistry [main] Creating shared instance of singleton bean 'exceptionAdvice'
2022-06-26 14:55:05,968 DEBUG org.springframework.beans.factory.support.DefaultSingletonBeanRegistry [main] Creating shared instance of singleton bean 'run'
2022-06-26 14:55:05,969 DEBUG org.springframework.beans.factory.support.ConstructorResolver [main] Autowiring by type from bean name 'run' via factory method to bean named 'org.springframework.boot.web.servlet.context.AnnotationConfigServletWebServerApplicationContext@631e06ab'
2022-06-26 14:55:05,969 DEBUG org.springframework.beans.factory.support.ConstructorResolver [main] Autowiring by type from bean name 'run' via factory method to bean named 'dateutils'
2022-06-26 14:55:05,969 DEBUG org.springframework.beans.factory.support.ConstructorResolver [main] Autowiring by type from bean name 'run' via factory method to bean named 'storageServiceImpl'
2022-06-26 14:55:05,976 DEBUG org.springframework.beans.factory.support.DefaultSingletonBeanRegistry [main] Creating shared instance of singleton bean 'org.springframework.boot.autoconfigure.AutoConfigurationPackages'
2022-06-26 14:55:05,977 DEBUG org.springframework.beans.factory.support.DefaultSingletonBeanRegistry [main] Creating shared instance of singleton bean 'org.springframework.boot.autoconfigure.context.PropertyPlaceholderAutoConfiguration'
2022-06-26 14:55:05,977 DEBUG org.springframework.beans.factory.support.DefaultSingletonBeanRegistry [main] Creating shared instance of singleton bean 'org.springframework.boot.autoconfigure.websocket.servlet.WebSocketServletAutoConfiguration'
2022-06-26 14:55:05,977 DEBUG org.springframework.beans.factory.support.DefaultSingletonBeanRegistry [main] Creating shared instance of singleton bean 'org.springframework.boot.autoconfigure.web.servlet.DispatcherServletAutoConfiguration'
2022-06-26 14:55:05,978 DEBUG org.springframework.beans.factory.support.DefaultSingletonBeanRegistry [main] Creating shared instance of singleton bean 'org.springframework.boot.autoconfigure.task.TaskExecutionAutoConfiguration'
2022-06-26 14:55:05,978 DEBUG org.springframework.beans.factory.support.DefaultSingletonBeanRegistry [main] Creating shared instance of singleton bean 'taskExecutorBuilder'
2022-06-26 14:55:05,980 DEBUG org.springframework.beans.factory.support.DefaultSingletonBeanRegistry [main] Creating shared instance of singleton bean 'spring.task.execution-org.springframework.boot.autoconfigure.task.TaskExecutionProperties'
2022-06-26 14:55:05,980 DEBUG org.springframework.beans.factory.support.ConstructorResolver [main] Autowiring by type from bean name 'taskExecutorBuilder' via factory method to bean named 'spring.task.execution-org.springframework.boot.autoconfigure.task.TaskExecutionProperties'
2022-06-26 14:55:05,982 DEBUG org.springframework.beans.factory.support.DefaultSingletonBeanRegistry [main] Creating shared instance of singleton bean 'org.springframework.boot.autoconfigure.validation.ValidationAutoConfiguration'
2022-06-26 14:55:05,982 DEBUG org.springframework.beans.factory.support.DefaultSingletonBeanRegistry [main] Creating shared instance of singleton bean 'defaultValidator'
2022-06-26 14:55:05,983 DEBUG org.springframework.beans.factory.support.ConstructorResolver [main] Autowiring by type from bean name 'defaultValidator' via factory method to bean named 'org.springframework.boot.web.servlet.context.AnnotationConfigServletWebServerApplicationContext@631e06ab'
2022-06-26 14:55:05,984 DEBUG org.hibernate.validator.messageinterpolation.ResourceBundleMessageInterpolator [main] Loaded expression factory via original TCCL
2022-06-26 14:55:05,986 DEBUG org.hibernate.validator.internal.engine.AbstractConfigurationImpl [main] Setting custom MessageInterpolator of type org.springframework.validation.beanvalidation.LocaleContextMessageInterpolator
2022-06-26 14:55:05,987 DEBUG org.hibernate.validator.internal.engine.AbstractConfigurationImpl [main] Setting custom ConstraintValidatorFactory of type org.springframework.validation.beanvalidation.SpringConstraintValidatorFactory
2022-06-26 14:55:05,987 DEBUG org.hibernate.validator.internal.engine.AbstractConfigurationImpl [main] Setting custom ParameterNameProvider of type org.springframework.validation.beanvalidation.LocalValidatorFactoryBean$1
2022-06-26 14:55:05,988 DEBUG org.hibernate.validator.internal.xml.config.ValidationXmlParser [main] Trying to load META-INF/validation.xml for XML based Validator configuration.
